c:\users\jakag\desktop\resevanjegozdaigrica\resevanjegozdaigrica\resevanjegozdaigricafinal\resevanjegozdaigrica\debug\vc142.pdb
c:\users\jakag\desktop\resevanjegozdaigrica\resevanjegozdaigrica\resevanjegozdaigricafinal\resevanjegozdaigrica\debug\vc142.idb
c:\users\jakag\desktop\resevanjegozdaigrica\resevanjegozdaigrica\resevanjegozdaigricafinal\resevanjegozdaigrica\debug\window.obj
c:\users\jakag\desktop\resevanjegozdaigrica\resevanjegozdaigrica\resevanjegozdaigricafinal\resevanjegozdaigrica\debug\staroselec.obj
c:\users\jakag\desktop\resevanjegozdaigrica\resevanjegozdaigrica\resevanjegozdaigricafinal\resevanjegozdaigrica\debug\staroselci.obj
c:\users\jakag\desktop\resevanjegozdaigrica\resevanjegozdaigrica\resevanjegozdaigricafinal\resevanjegozdaigrica\debug\rect.obj
c:\users\jakag\desktop\resevanjegozdaigrica\resevanjegozdaigrica\resevanjegozdaigricafinal\resevanjegozdaigrica\debug\rand.obj
c:\users\jakag\desktop\resevanjegozdaigrica\resevanjegozdaigrica\resevanjegozdaigricafinal\resevanjegozdaigrica\debug\main.obj
c:\users\jakag\desktop\resevanjegozdaigrica\resevanjegozdaigrica\resevanjegozdaigricafinal\resevanjegozdaigrica\debug\groupofgroupfires.obj
c:\users\jakag\desktop\resevanjegozdaigrica\resevanjegozdaigrica\resevanjegozdaigricafinal\resevanjegozdaigrica\debug\firegroup.obj
c:\users\jakag\desktop\resevanjegozdaigrica\resevanjegozdaigrica\resevanjegozdaigricafinal\resevanjegozdaigrica\debug\text.obj
c:\users\jakag\desktop\resevanjegozdaigrica\resevanjegozdaigrica\resevanjegozdaigricafinal\debug\resevanjegozdaigrica.exe
c:\users\jakag\desktop\resevanjegozdaigrica\resevanjegozdaigrica\resevanjegozdaigricafinal\debug\resevanjegozdaigrica.ilk
c:\users\jakag\desktop\resevanjegozdaigrica\resevanjegozdaigrica\resevanjegozdaigricafinal\debug\resevanjegozdaigrica.pdb
c:\users\jakag\desktop\resevanjegozdaigrica\resevanjegozdaigrica\resevanjegozdaigricafinal\resevanjegozdaigrica\debug\resevanj.9ce94a22.tlog\cl.command.1.tlog
c:\users\jakag\desktop\resevanjegozdaigrica\resevanjegozdaigrica\resevanjegozdaigricafinal\resevanjegozdaigrica\debug\resevanj.9ce94a22.tlog\cl.read.1.tlog
c:\users\jakag\desktop\resevanjegozdaigrica\resevanjegozdaigrica\resevanjegozdaigricafinal\resevanjegozdaigrica\debug\resevanj.9ce94a22.tlog\cl.write.1.tlog
c:\users\jakag\desktop\resevanjegozdaigrica\resevanjegozdaigrica\resevanjegozdaigricafinal\resevanjegozdaigrica\debug\resevanj.9ce94a22.tlog\link.command.1.tlog
c:\users\jakag\desktop\resevanjegozdaigrica\resevanjegozdaigrica\resevanjegozdaigricafinal\resevanjegozdaigrica\debug\resevanj.9ce94a22.tlog\link.read.1.tlog
c:\users\jakag\desktop\resevanjegozdaigrica\resevanjegozdaigrica\resevanjegozdaigricafinal\resevanjegozdaigrica\debug\resevanj.9ce94a22.tlog\link.write.1.tlog
